2019-12-24 08:15:23,079 WARN com.zaxxer.hikari.pool.HikariPool$HouseKeeper [HikariPool-1 housekeeper] HikariPool-1 - Thread starvation or clock leap detected (housekeeper delta=23h37m30s948ms).
2019-12-24 08:15:51,841 WARN com.zaxxer.hikari.pool.HikariPool$HouseKeeper [HikariPool-1 housekeeper] HikariPool-1 - Retrograde clock change detected (housekeeper delta=28s762ms), soft-evicting connections from pool.
2019-12-24 16:59:19,193 WARN com.zaxxer.hikari.pool.HikariPool$HouseKeeper [HikariPool-1 housekeeper] HikariPool-1 - Thread starvation or clock leap detected (housekeeper delta=8h41m27s255ms).
2019-12-24 17:02:12,254 WARN com.zaxxer.hikari.pool.HikariPool$HouseKeeper [HikariPool-1 housekeeper] HikariPool-1 - Thread starvation or clock leap detected (housekeeper delta=2m23s115ms).
2019-12-24 17:08:18,310 INFO org.springframework.scheduling.concurrent.ExecutorConfigurationSupport [SpringContextShutdownHook] Shutting down ExecutorService 'applicationTaskExecutor'
2019-12-24 17:08:18,331 INFO org.springframework.orm.jpa.AbstractEntityManagerFactoryBean [SpringContextShutdownHook] Closing JPA EntityManagerFactory for persistence unit 'default'
2019-12-24 17:08:18,348 INFO org.hibernate.tool.schema.internal.SchemaDropperImpl$DelayedDropActionImpl [SpringContextShutdownHook] HHH000477: Starting delayed evictData of schema as part of SessionFactory shut-down'
2019-12-24 17:08:18,976 INFO com.zaxxer.hikari.HikariDataSource [SpringContextShutdownHook] HikariPool-1 - Shutdown initiated...
2019-12-24 17:08:18,995 INFO com.zaxxer.hikari.HikariDataSource [SpringContextShutdownHook] HikariPool-1 - Shutdown completed.
2019-12-24 17:22:23,464 INFO org.springframework.boot.StartupInfoLogger [main] Starting NochokeApplication on Linus-Macbook-2 with PID 8201 (started by LinusNyren in /Users/LinusNyren/Documents/Projekt_Entreprenörskap/NoChoke/NoChoke/nochoke)
2019-12-24 17:22:23,471 INFO org.springframework.boot.SpringApplication [main] No active profile set, falling back to default profiles: default
2019-12-24 17:22:24,149 INFO org.springframework.data.repository.config.RepositoryConfigurationDelegate [main] Bootstrapping Spring Data repositories in DEFAULT mode.
2019-12-24 17:22:24,216 INFO org.springframework.data.repository.config.RepositoryConfigurationDelegate [main] Finished Spring Data repository scanning in 58ms. Found 3 repository interfaces.
2019-12-24 17:22:24,457 INFO org.springframework.context.support.PostProcessorRegistrationDelegate$BeanPostProcessorChecker [main] Bean 'org.springframework.transaction.annotation.ProxyTransactionManagementConfiguration' of type [org.springframework.transaction.annotation.ProxyTransactionManagementConfiguration] is not eligible for getting processed by all BeanPostProcessors (for example: not eligible for auto-proxying)
2019-12-24 17:22:24,717 INFO org.springframework.boot.web.embedded.tomcat.TomcatWebServer [main] Tomcat initialized with port(s): 8080 (http)
2019-12-24 17:22:24,728 INFO org.apache.juli.logging.DirectJDKLog [main] Initializing ProtocolHandler ["http-nio-8080"]
2019-12-24 17:22:24,728 INFO org.apache.juli.logging.DirectJDKLog [main] Starting service [Tomcat]
2019-12-24 17:22:24,729 INFO org.apache.juli.logging.DirectJDKLog [main] Starting Servlet engine: [Apache Tomcat/9.0.27]
2019-12-24 17:22:24,808 INFO org.apache.juli.logging.DirectJDKLog [main] Initializing Spring embedded WebApplicationContext
2019-12-24 17:22:24,809 INFO org.springframework.boot.web.servlet.context.ServletWebServerApplicationContext [main] Root WebApplicationContext: initialization completed in 1277 ms
2019-12-24 17:22:24,977 INFO org.hibernate.jpa.internal.util.LogHelper [main] HHH000204: Processing PersistenceUnitInfo [name: default]
2019-12-24 17:22:25,065 INFO org.hibernate.Version [main] HHH000412: Hibernate Core {5.4.6.Final}
2019-12-24 17:22:25,315 INFO org.hibernate.annotations.common.reflection.java.JavaReflectionManager [main] HCANN000001: Hibernate Commons Annotations {5.1.0.Final}
2019-12-24 17:22:25,424 INFO com.zaxxer.hikari.HikariDataSource [main] HikariPool-1 - Starting...
2019-12-24 17:22:25,516 INFO com.zaxxer.hikari.HikariDataSource [main] HikariPool-1 - Start completed.
2019-12-24 17:22:25,544 INFO org.hibernate.dialect.Dialect [main] HHH000400: Using dialect: org.hibernate.dialect.PostgreSQL10Dialect
2019-12-24 17:22:26,637 WARN org.hibernate.engine.jdbc.spi.SqlExceptionHelper$StandardWarningHandler [main] SQL Warning Code: 0, SQLState: 00000
2019-12-24 17:22:26,638 WARN org.hibernate.engine.jdbc.spi.SqlExceptionHelper$StandardWarningHandler [main] relation "user_entity_allergies" does not exist, skipping
2019-12-24 17:22:26,639 WARN org.hibernate.engine.jdbc.spi.SqlExceptionHelper$StandardWarningHandler [main] SQL Warning Code: 0, SQLState: 00000
2019-12-24 17:22:26,639 WARN org.hibernate.engine.jdbc.spi.SqlExceptionHelper$StandardWarningHandler [main] relation "user_entity_allergies" does not exist, skipping
2019-12-24 17:22:26,640 WARN org.hibernate.engine.jdbc.spi.SqlExceptionHelper$StandardWarningHandler [main] SQL Warning Code: 0, SQLState: 00000
2019-12-24 17:22:26,641 WARN org.hibernate.engine.jdbc.spi.SqlExceptionHelper$StandardWarningHandler [main] relation "user_entity_history_list" does not exist, skipping
2019-12-24 17:22:26,641 WARN org.hibernate.engine.jdbc.spi.SqlExceptionHelper$StandardWarningHandler [main] SQL Warning Code: 0, SQLState: 00000
2019-12-24 17:22:26,641 WARN org.hibernate.engine.jdbc.spi.SqlExceptionHelper$StandardWarningHandler [main] relation "user_entity_history_list" does not exist, skipping
2019-12-24 17:22:26,642 WARN org.hibernate.engine.jdbc.spi.SqlExceptionHelper$StandardWarningHandler [main] SQL Warning Code: 0, SQLState: 00000
2019-12-24 17:22:26,642 WARN org.hibernate.engine.jdbc.spi.SqlExceptionHelper$StandardWarningHandler [main] table "allergy" does not exist, skipping
2019-12-24 17:22:26,643 WARN org.hibernate.engine.jdbc.spi.SqlExceptionHelper$StandardWarningHandler [main] SQL Warning Code: 0, SQLState: 00000
2019-12-24 17:22:26,643 WARN org.hibernate.engine.jdbc.spi.SqlExceptionHelper$StandardWarningHandler [main] table "history" does not exist, skipping
2019-12-24 17:22:26,644 WARN org.hibernate.engine.jdbc.spi.SqlExceptionHelper$StandardWarningHandler [main] SQL Warning Code: 0, SQLState: 00000
2019-12-24 17:22:26,644 WARN org.hibernate.engine.jdbc.spi.SqlExceptionHelper$StandardWarningHandler [main] table "user_entity" does not exist, skipping
2019-12-24 17:22:26,645 WARN org.hibernate.engine.jdbc.spi.SqlExceptionHelper$StandardWarningHandler [main] SQL Warning Code: 0, SQLState: 00000
2019-12-24 17:22:26,645 WARN org.hibernate.engine.jdbc.spi.SqlExceptionHelper$StandardWarningHandler [main] table "user_entity_allergies" does not exist, skipping
2019-12-24 17:22:26,645 WARN org.hibernate.engine.jdbc.spi.SqlExceptionHelper$StandardWarningHandler [main] SQL Warning Code: 0, SQLState: 00000
2019-12-24 17:22:26,646 WARN org.hibernate.engine.jdbc.spi.SqlExceptionHelper$StandardWarningHandler [main] table "user_entity_history_list" does not exist, skipping
2019-12-24 17:22:26,646 WARN org.hibernate.engine.jdbc.spi.SqlExceptionHelper$StandardWarningHandler [main] SQL Warning Code: 0, SQLState: 00000
2019-12-24 17:22:26,646 WARN org.hibernate.engine.jdbc.spi.SqlExceptionHelper$StandardWarningHandler [main] sequence "hibernate_sequence" does not exist, skipping
2019-12-24 17:22:26,704 INFO org.hibernate.engine.transaction.jta.platform.internal.JtaPlatformInitiator [main] HHH000490: Using JtaPlatform implementation: [org.hibernate.engine.transaction.jta.platform.internal.NoJtaPlatform]
2019-12-24 17:22:26,711 INFO org.springframework.orm.jpa.AbstractEntityManagerFactoryBean [main] Initialized JPA EntityManagerFactory for persistence unit 'default'
2019-12-24 17:22:27,222 WARN org.springframework.boot.autoconfigure.orm.jpa.JpaBaseConfiguration$JpaWebConfiguration [main] spring.jpa.open-in-view is enabled by default. Therefore, database queries may be performed during view rendering. Explicitly configure spring.jpa.open-in-view to disable this warning
2019-12-24 17:22:27,335 INFO org.springframework.scheduling.concurrent.ExecutorConfigurationSupport [main] Initializing ExecutorService 'applicationTaskExecutor'
2019-12-24 17:22:27,513 INFO org.apache.juli.logging.DirectJDKLog [main] Starting ProtocolHandler ["http-nio-8080"]
2019-12-24 17:22:27,546 INFO org.springframework.boot.web.embedded.tomcat.TomcatWebServer [main] Tomcat started on port(s): 8080 (http) with context path ''
2019-12-24 17:22:27,548 INFO org.springframework.boot.StartupInfoLogger [main] Started NochokeApplication in 4.618 seconds (JVM running for 5.369)
2019-12-24 17:29:57,829 INFO org.apache.juli.logging.DirectJDKLog [http-nio-8080-exec-1] Initializing Spring DispatcherServlet 'dispatcherServlet'
2019-12-24 17:29:57,830 INFO org.springframework.web.servlet.FrameworkServlet [http-nio-8080-exec-1] Initializing Servlet 'dispatcherServlet'
2019-12-24 17:29:57,837 INFO org.springframework.web.servlet.FrameworkServlet [http-nio-8080-exec-1] Completed initialization in 7 ms
2019-12-24 17:31:08,217 INFO com.nochoke.nochoke.apicaller.EAN_APICaller [http-nio-8080-exec-9] {"GTIN":null,"TillverkarensArtikelnummer":null,"Artikelbenamning":null,"RegleratProduktnamn":null,"Forvaringsinstruktion":null,"Variabelmattsindikator":false,"Bruttovikt":null,"Bredd":null,"Djup":null,"Hojd":null,"Returemballage":false,"FarligtGodsKod":null,"FarligtGodsKlass":null,"FarligtGodsForpackningsgrupp":null,"GPCKod":null,"GiltigFROM":null,"FakturerbarEnhet":false,"Slutdatum":null,"GiltighetsdatumPris":null,"Tillganglighetstidpunkt":null,"SistaTillganglighetstidpunkt":null,"SkapadDatum":null,"SenastAndradDatum":null,"Flampunkt":null,"KodBegransadMangd":null,"OfficiellTransportbenamning":null,"OspecificeradTransportbenamning":null,"TunnelrestriktionADR":null,"KlassificeringskodFarligtgods":null,"Transportkategori":null,"Konsumentartikel":false,"BestallningsbarForpackning":false,"Garantiloptid":0,"Lanseringstidpunkt":null,"Sasongsindikator":null,"AntalReturnerbaraEnheter":0,"Staplingsriktning":null,"MaxTransportTemperatur":0.0,"MinTransportTemperatur":0.0,"Anvandningsinstruktioner":null,"HallbarhetEfterOppning":0,"Klassificeringssystem":null,"FarligtGodsBegransadMangd":null,"FarligtGodsOvrigInfo":null,"FarligtGodsSarbestammelser":null,"T3495_Artikelavisering":null,"T4032_TypAvDatumPaForpackningen":null,"T3742_ForstaLeveransdatum":null,"Undervarumarke":null,"Niva":null,"Produktbladslank":null,"KompletterandeProduktklass":null,"T4200_AllmänPubliceringstidpunkt":null,"T3848_TypAvStaplingsbarhet":null,"Varningsetiketter":[],"Sasongskoder":[],"MaskinellMarkningar":[],"Bilder":[],"ReferenserTillAndraArtiklar":[],"MSRKritierier":[],"Kravspecifikationer":[],"Receptlinks":[],"Allergener":[],"Markningar":[],"Ingredienser":[],"Tillagningsinformation":[],"Tillverkningslander":[],"Naringsinfo":[],"Serveringsforslag":[],"Diettyper":[],"Tillagningsmetoder":[],"Farger":[],"VillkorForsaljning":[],"Varumarke":{"Varumarke":null,"AgareGLN":null,"AgareNamn":null,"Tillverkare":{"Namn":null,"EAN":null}},"Nettoinnehall":[],"Kontakter":[],"Faroangivelser":[],"Sakerhet":[],"Forpackningar":[],"Substanser":[],"Fangstzoner":[],"Marknadsbudskap":null,"KortMarknadsbudskap":null,"Komponenter":null}
2019-12-24 17:31:08,223 INFO com.nochoke.nochoke.allergy.AllergyService [http-nio-8080-exec-9] UserEntity(id=1, surname=Linus, lastname=Nyrén, email=Linusny@hotmail.com, allergies=[Allergy(id=2, allergyName=Jordnötter), Allergy(id=3, allergyName=Laktos)], historyList=[History(id=4, ean=0041143020173, dateTime=2019-12-24T17:31:06.119)]) checked for allergy 
{"Varumarke":{"Varumarke":null,"AgareNamn":null,"AgareGLN":null,"Tillverkare":{"Namn":null,"EAN":null}},"SistaTillganglighetstidpunkt":null,"Substanser":[],"TillverkarensArtikelnummer":null,"FakturerbarEnhet":false,"Farger":[],"Hojd":null,"KodBegransadMangd":null,"MinTransportTemperatur":0,"Tillagningsmetoder":[],"GPCKod":null,"MaskinellMarkningar":[],"Staplingsriktning":null,"Kravspecifikationer":[],"Diettyper":[],"Variabelmattsindikator":false,"SkapadDatum":null,"BestallningsbarForpackning":false,"Bilder":[],"Fangstzoner":[],"FarligtGodsBegransadMangd":null,"Konsumentartikel":false,"FarligtGodsOvrigInfo":null,"Komponenter":null,"TunnelrestriktionADR":null,"ReferenserTillAndraArtiklar":[],"Slutdatum":null,"Markningar":[],"FarligtGodsKod":null,"KortMarknadsbudskap":null,"OfficiellTransportbenamning":null,"Anvandningsinstruktioner":null,"AntalReturnerbaraEnheter":0,"Forvaringsinstruktion":null,"MaxTransportTemperatur":0,"SenastAndradDatum":null,"Flampunkt":null,"T3848_TypAvStaplingsbarhet":null,"Sakerhet":[],"Marknadsbudskap":null,"Ingredienser":[],"Lanseringstidpunkt":null,"Varningsetiketter":[],"T3495_Artikelavisering":null,"KlassificeringskodFarligtgods":null,"Kontakter":[],"Artikelbenamning":null,"HallbarhetEfterOppning":0,"T4200_AllmänPubliceringstidpunkt":null,"Bruttovikt":null,"Transportkategori":null,"allergyList":[{"contain":false,"allergyName":"Jordnötter","id":1},{"contain":false,"allergyName":"Laktos","id":2}],"ean":"0041143020173","T3742_ForstaLeveransdatum":null,"VillkorForsaljning":[],"Nettoinnehall":[],"Serveringsforslag":[],"Djup":null,"Bredd":null,"T4032_TypAvDatumPaForpackningen":null,"KompletterandeProduktklass":null,"Niva":null,"Forpackningar":[],"GiltighetsdatumPris":null,"GiltigFROM":null,"OspecificeradTransportbenamning":null,"Undervarumarke":null,"Tillverkningslander":[],"Garantiloptid":0,"Tillagningsinformation":[],"Sasongsindikator":null,"GTIN":null,"RegleratProduktnamn":null,"FarligtGodsForpackningsgrupp":null,"Klassificeringssystem":null,"Allergener":[],"Naringsinfo":[],"Tillganglighetstidpunkt":null,"Receptlinks":[],"Returemballage":false,"FarligtGodsSarbestammelser":null,"Produktbladslank":null,"Faroangivelser":[],"FarligtGodsKlass":null,"MSRKritierier":[],"Sasongskoder":[]}
2019-12-24 17:31:53,856 INFO com.nochoke.nochoke.apicaller.EAN_APICaller [http-nio-8080-exec-9] {"GTIN":null,"TillverkarensArtikelnummer":null,"Artikelbenamning":null,"RegleratProduktnamn":null,"Forvaringsinstruktion":null,"Variabelmattsindikator":false,"Bruttovikt":null,"Bredd":null,"Djup":null,"Hojd":null,"Returemballage":false,"FarligtGodsKod":null,"FarligtGodsKlass":null,"FarligtGodsForpackningsgrupp":null,"GPCKod":null,"GiltigFROM":null,"FakturerbarEnhet":false,"Slutdatum":null,"GiltighetsdatumPris":null,"Tillganglighetstidpunkt":null,"SistaTillganglighetstidpunkt":null,"SkapadDatum":null,"SenastAndradDatum":null,"Flampunkt":null,"KodBegransadMangd":null,"OfficiellTransportbenamning":null,"OspecificeradTransportbenamning":null,"TunnelrestriktionADR":null,"KlassificeringskodFarligtgods":null,"Transportkategori":null,"Konsumentartikel":false,"BestallningsbarForpackning":false,"Garantiloptid":0,"Lanseringstidpunkt":null,"Sasongsindikator":null,"AntalReturnerbaraEnheter":0,"Staplingsriktning":null,"MaxTransportTemperatur":0.0,"MinTransportTemperatur":0.0,"Anvandningsinstruktioner":null,"HallbarhetEfterOppning":0,"Klassificeringssystem":null,"FarligtGodsBegransadMangd":null,"FarligtGodsOvrigInfo":null,"FarligtGodsSarbestammelser":null,"T3495_Artikelavisering":null,"T4032_TypAvDatumPaForpackningen":null,"T3742_ForstaLeveransdatum":null,"Undervarumarke":null,"Niva":null,"Produktbladslank":null,"KompletterandeProduktklass":null,"T4200_AllmänPubliceringstidpunkt":null,"T3848_TypAvStaplingsbarhet":null,"Varningsetiketter":[],"Sasongskoder":[],"MaskinellMarkningar":[],"Bilder":[],"ReferenserTillAndraArtiklar":[],"MSRKritierier":[],"Kravspecifikationer":[],"Receptlinks":[],"Allergener":[],"Markningar":[],"Ingredienser":[],"Tillagningsinformation":[],"Tillverkningslander":[],"Naringsinfo":[],"Serveringsforslag":[],"Diettyper":[],"Tillagningsmetoder":[],"Farger":[],"VillkorForsaljning":[],"Varumarke":{"Varumarke":null,"AgareGLN":null,"AgareNamn":null,"Tillverkare":{"Namn":null,"EAN":null}},"Nettoinnehall":[],"Kontakter":[],"Faroangivelser":[],"Sakerhet":[],"Forpackningar":[],"Substanser":[],"Fangstzoner":[],"Marknadsbudskap":null,"KortMarknadsbudskap":null,"Komponenter":null}
2019-12-24 17:41:35,240 INFO org.springframework.scheduling.concurrent.ExecutorConfigurationSupport [SpringContextShutdownHook] Shutting down ExecutorService 'applicationTaskExecutor'
2019-12-24 17:41:35,241 INFO org.springframework.orm.jpa.AbstractEntityManagerFactoryBean [SpringContextShutdownHook] Closing JPA EntityManagerFactory for persistence unit 'default'
2019-12-24 17:41:35,242 INFO org.hibernate.tool.schema.internal.SchemaDropperImpl$DelayedDropActionImpl [SpringContextShutdownHook] HHH000477: Starting delayed evictData of schema as part of SessionFactory shut-down'
2019-12-24 17:41:35,287 INFO com.zaxxer.hikari.HikariDataSource [SpringContextShutdownHook] HikariPool-1 - Shutdown initiated...
2019-12-24 17:41:35,289 INFO com.zaxxer.hikari.HikariDataSource [SpringContextShutdownHook] HikariPool-1 - Shutdown completed.
2019-12-24 17:41:38,210 INFO org.springframework.boot.StartupInfoLogger [main] Starting NochokeApplication on Linus-Macbook-2 with PID 8549 (started by LinusNyren in /Users/LinusNyren/Documents/Projekt_Entreprenörskap/NoChoke/NoChoke/nochoke)
2019-12-24 17:41:38,213 INFO org.springframework.boot.SpringApplication [main] No active profile set, falling back to default profiles: default
2019-12-24 17:41:38,789 INFO org.springframework.data.repository.config.RepositoryConfigurationDelegate [main] Bootstrapping Spring Data repositories in DEFAULT mode.
2019-12-24 17:41:38,850 INFO org.springframework.data.repository.config.RepositoryConfigurationDelegate [main] Finished Spring Data repository scanning in 53ms. Found 3 repository interfaces.
2019-12-24 17:41:39,065 INFO org.springframework.context.support.PostProcessorRegistrationDelegate$BeanPostProcessorChecker [main] Bean 'org.springframework.transaction.annotation.ProxyTransactionManagementConfiguration' of type [org.springframework.transaction.annotation.ProxyTransactionManagementConfiguration] is not eligible for getting processed by all BeanPostProcessors (for example: not eligible for auto-proxying)
2019-12-24 17:41:39,269 INFO org.springframework.boot.web.embedded.tomcat.TomcatWebServer [main] Tomcat initialized with port(s): 8080 (http)
2019-12-24 17:41:39,277 INFO org.apache.juli.logging.DirectJDKLog [main] Initializing ProtocolHandler ["http-nio-8080"]
2019-12-24 17:41:39,278 INFO org.apache.juli.logging.DirectJDKLog [main] Starting service [Tomcat]
2019-12-24 17:41:39,279 INFO org.apache.juli.logging.DirectJDKLog [main] Starting Servlet engine: [Apache Tomcat/9.0.27]
2019-12-24 17:41:39,343 INFO org.apache.juli.logging.DirectJDKLog [main] Initializing Spring embedded WebApplicationContext
2019-12-24 17:41:39,344 INFO org.springframework.boot.web.servlet.context.ServletWebServerApplicationContext [main] Root WebApplicationContext: initialization completed in 1077 ms
2019-12-24 17:41:39,468 INFO org.hibernate.jpa.internal.util.LogHelper [main] HHH000204: Processing PersistenceUnitInfo [name: default]
2019-12-24 17:41:39,523 INFO org.hibernate.Version [main] HHH000412: Hibernate Core {5.4.6.Final}
2019-12-24 17:41:39,673 INFO org.hibernate.annotations.common.reflection.java.JavaReflectionManager [main] HCANN000001: Hibernate Commons Annotations {5.1.0.Final}
2019-12-24 17:41:39,743 INFO com.zaxxer.hikari.HikariDataSource [main] HikariPool-1 - Starting...
2019-12-24 17:41:39,798 INFO com.zaxxer.hikari.HikariDataSource [main] HikariPool-1 - Start completed.
2019-12-24 17:41:39,815 INFO org.hibernate.dialect.Dialect [main] HHH000400: Using dialect: org.hibernate.dialect.PostgreSQL10Dialect
2019-12-24 17:41:40,415 WARN org.hibernate.engine.jdbc.spi.SqlExceptionHelper$StandardWarningHandler [main] SQL Warning Code: 0, SQLState: 00000
2019-12-24 17:41:40,416 WARN org.hibernate.engine.jdbc.spi.SqlExceptionHelper$StandardWarningHandler [main] relation "user_entity_allergies" does not exist, skipping
2019-12-24 17:41:40,416 WARN org.hibernate.engine.jdbc.spi.SqlExceptionHelper$StandardWarningHandler [main] SQL Warning Code: 0, SQLState: 00000
2019-12-24 17:41:40,417 WARN org.hibernate.engine.jdbc.spi.SqlExceptionHelper$StandardWarningHandler [main] relation "user_entity_allergies" does not exist, skipping
2019-12-24 17:41:40,417 WARN org.hibernate.engine.jdbc.spi.SqlExceptionHelper$StandardWarningHandler [main] SQL Warning Code: 0, SQLState: 00000
2019-12-24 17:41:40,417 WARN org.hibernate.engine.jdbc.spi.SqlExceptionHelper$StandardWarningHandler [main] relation "user_entity_history_list" does not exist, skipping
2019-12-24 17:41:40,418 WARN org.hibernate.engine.jdbc.spi.SqlExceptionHelper$StandardWarningHandler [main] SQL Warning Code: 0, SQLState: 00000
2019-12-24 17:41:40,418 WARN org.hibernate.engine.jdbc.spi.SqlExceptionHelper$StandardWarningHandler [main] relation "user_entity_history_list" does not exist, skipping
2019-12-24 17:41:40,419 WARN org.hibernate.engine.jdbc.spi.SqlExceptionHelper$StandardWarningHandler [main] SQL Warning Code: 0, SQLState: 00000
2019-12-24 17:41:40,419 WARN org.hibernate.engine.jdbc.spi.SqlExceptionHelper$StandardWarningHandler [main] table "allergy" does not exist, skipping
2019-12-24 17:41:40,419 WARN org.hibernate.engine.jdbc.spi.SqlExceptionHelper$StandardWarningHandler [main] SQL Warning Code: 0, SQLState: 00000
2019-12-24 17:41:40,420 WARN org.hibernate.engine.jdbc.spi.SqlExceptionHelper$StandardWarningHandler [main] table "history" does not exist, skipping
2019-12-24 17:41:40,420 WARN org.hibernate.engine.jdbc.spi.SqlExceptionHelper$StandardWarningHandler [main] SQL Warning Code: 0, SQLState: 00000
2019-12-24 17:41:40,420 WARN org.hibernate.engine.jdbc.spi.SqlExceptionHelper$StandardWarningHandler [main] table "user_entity" does not exist, skipping
2019-12-24 17:41:40,421 WARN org.hibernate.engine.jdbc.spi.SqlExceptionHelper$StandardWarningHandler [main] SQL Warning Code: 0, SQLState: 00000
2019-12-24 17:41:40,421 WARN org.hibernate.engine.jdbc.spi.SqlExceptionHelper$StandardWarningHandler [main] table "user_entity_allergies" does not exist, skipping
2019-12-24 17:41:40,422 WARN org.hibernate.engine.jdbc.spi.SqlExceptionHelper$StandardWarningHandler [main] SQL Warning Code: 0, SQLState: 00000
2019-12-24 17:41:40,422 WARN org.hibernate.engine.jdbc.spi.SqlExceptionHelper$StandardWarningHandler [main] table "user_entity_history_list" does not exist, skipping
2019-12-24 17:41:40,422 WARN org.hibernate.engine.jdbc.spi.SqlExceptionHelper$StandardWarningHandler [main] SQL Warning Code: 0, SQLState: 00000
2019-12-24 17:41:40,423 WARN org.hibernate.engine.jdbc.spi.SqlExceptionHelper$StandardWarningHandler [main] sequence "hibernate_sequence" does not exist, skipping
2019-12-24 17:41:40,447 INFO org.hibernate.engine.transaction.jta.platform.internal.JtaPlatformInitiator [main] HHH000490: Using JtaPlatform implementation: [org.hibernate.engine.transaction.jta.platform.internal.NoJtaPlatform]
2019-12-24 17:41:40,453 INFO org.springframework.orm.jpa.AbstractEntityManagerFactoryBean [main] Initialized JPA EntityManagerFactory for persistence unit 'default'
2019-12-24 17:41:40,900 WARN org.springframework.boot.autoconfigure.orm.jpa.JpaBaseConfiguration$JpaWebConfiguration [main] spring.jpa.open-in-view is enabled by default. Therefore, database queries may be performed during view rendering. Explicitly configure spring.jpa.open-in-view to disable this warning
2019-12-24 17:41:40,996 INFO org.springframework.scheduling.concurrent.ExecutorConfigurationSupport [main] Initializing ExecutorService 'applicationTaskExecutor'
2019-12-24 17:41:41,165 INFO org.apache.juli.logging.DirectJDKLog [main] Starting ProtocolHandler ["http-nio-8080"]
2019-12-24 17:41:41,196 INFO org.springframework.boot.web.embedded.tomcat.TomcatWebServer [main] Tomcat started on port(s): 8080 (http) with context path ''
2019-12-24 17:41:41,199 INFO org.springframework.boot.StartupInfoLogger [main] Started NochokeApplication in 3.364 seconds (JVM running for 3.987)
2019-12-24 17:43:43,507 INFO org.apache.juli.logging.DirectJDKLog [http-nio-8080-exec-1] Initializing Spring DispatcherServlet 'dispatcherServlet'
2019-12-24 17:43:43,507 INFO org.springframework.web.servlet.FrameworkServlet [http-nio-8080-exec-1] Initializing Servlet 'dispatcherServlet'
2019-12-24 17:43:43,513 INFO org.springframework.web.servlet.FrameworkServlet [http-nio-8080-exec-1] Completed initialization in 6 ms
2019-12-24 17:44:00,026 INFO com.nochoke.nochoke.apicaller.EAN_APICaller [http-nio-8080-exec-3] {"GTIN":null,"TillverkarensArtikelnummer":null,"Artikelbenamning":null,"RegleratProduktnamn":null,"Forvaringsinstruktion":null,"Variabelmattsindikator":false,"Bruttovikt":null,"Bredd":null,"Djup":null,"Hojd":null,"Returemballage":false,"FarligtGodsKod":null,"FarligtGodsKlass":null,"FarligtGodsForpackningsgrupp":null,"GPCKod":null,"GiltigFROM":null,"FakturerbarEnhet":false,"Slutdatum":null,"GiltighetsdatumPris":null,"Tillganglighetstidpunkt":null,"SistaTillganglighetstidpunkt":null,"SkapadDatum":null,"SenastAndradDatum":null,"Flampunkt":null,"KodBegransadMangd":null,"OfficiellTransportbenamning":null,"OspecificeradTransportbenamning":null,"TunnelrestriktionADR":null,"KlassificeringskodFarligtgods":null,"Transportkategori":null,"Konsumentartikel":false,"BestallningsbarForpackning":false,"Garantiloptid":0,"Lanseringstidpunkt":null,"Sasongsindikator":null,"AntalReturnerbaraEnheter":0,"Staplingsriktning":null,"MaxTransportTemperatur":0.0,"MinTransportTemperatur":0.0,"Anvandningsinstruktioner":null,"HallbarhetEfterOppning":0,"Klassificeringssystem":null,"FarligtGodsBegransadMangd":null,"FarligtGodsOvrigInfo":null,"FarligtGodsSarbestammelser":null,"T3495_Artikelavisering":null,"T4032_TypAvDatumPaForpackningen":null,"T3742_ForstaLeveransdatum":null,"Undervarumarke":null,"Niva":null,"Produktbladslank":null,"KompletterandeProduktklass":null,"T4200_AllmänPubliceringstidpunkt":null,"T3848_TypAvStaplingsbarhet":null,"Varningsetiketter":[],"Sasongskoder":[],"MaskinellMarkningar":[],"Bilder":[],"ReferenserTillAndraArtiklar":[],"MSRKritierier":[],"Kravspecifikationer":[],"Receptlinks":[],"Allergener":[],"Markningar":[],"Ingredienser":[],"Tillagningsinformation":[],"Tillverkningslander":[],"Naringsinfo":[],"Serveringsforslag":[],"Diettyper":[],"Tillagningsmetoder":[],"Farger":[],"VillkorForsaljning":[],"Varumarke":{"Varumarke":null,"AgareGLN":null,"AgareNamn":null,"Tillverkare":{"Namn":null,"EAN":null}},"Nettoinnehall":[],"Kontakter":[],"Faroangivelser":[],"Sakerhet":[],"Forpackningar":[],"Substanser":[],"Fangstzoner":[],"Marknadsbudskap":null,"KortMarknadsbudskap":null,"Komponenter":null}
2019-12-24 17:44:00,030 INFO com.nochoke.nochoke.allergy.AllergyService [http-nio-8080-exec-3] UserEntity(id=1, surname=Linus, lastname=Nyrén, email=Linusny@hotmail.com, allergies=[], historyList=[History(id=2, ean=0041143020173, dateTime=2019-12-24T17:43:57.888)]) checked for allergy 
{"Varumarke":{"Varumarke":null,"AgareNamn":null,"AgareGLN":null,"Tillverkare":{"Namn":null,"EAN":null}},"SistaTillganglighetstidpunkt":null,"Substanser":[],"TillverkarensArtikelnummer":null,"FakturerbarEnhet":false,"Farger":[],"Hojd":null,"KodBegransadMangd":null,"MinTransportTemperatur":0,"Tillagningsmetoder":[],"GPCKod":null,"MaskinellMarkningar":[],"Staplingsriktning":null,"Kravspecifikationer":[],"Diettyper":[],"Variabelmattsindikator":false,"SkapadDatum":null,"BestallningsbarForpackning":false,"Bilder":[],"Fangstzoner":[],"FarligtGodsBegransadMangd":null,"Konsumentartikel":false,"FarligtGodsOvrigInfo":null,"Komponenter":null,"TunnelrestriktionADR":null,"ReferenserTillAndraArtiklar":[],"Slutdatum":null,"Markningar":[],"FarligtGodsKod":null,"KortMarknadsbudskap":null,"OfficiellTransportbenamning":null,"Anvandningsinstruktioner":null,"AntalReturnerbaraEnheter":0,"Forvaringsinstruktion":null,"MaxTransportTemperatur":0,"SenastAndradDatum":null,"Flampunkt":null,"T3848_TypAvStaplingsbarhet":null,"Sakerhet":[],"Marknadsbudskap":null,"Ingredienser":[],"Lanseringstidpunkt":null,"Varningsetiketter":[],"T3495_Artikelavisering":null,"KlassificeringskodFarligtgods":null,"Kontakter":[],"Artikelbenamning":null,"HallbarhetEfterOppning":0,"T4200_AllmänPubliceringstidpunkt":null,"Bruttovikt":null,"Transportkategori":null,"allergyList":[],"ean":"0041143020173","T3742_ForstaLeveransdatum":null,"VillkorForsaljning":[],"Nettoinnehall":[],"Serveringsforslag":[],"Djup":null,"Bredd":null,"T4032_TypAvDatumPaForpackningen":null,"KompletterandeProduktklass":null,"Niva":null,"Forpackningar":[],"GiltighetsdatumPris":null,"GiltigFROM":null,"OspecificeradTransportbenamning":null,"Undervarumarke":null,"Tillverkningslander":[],"Garantiloptid":0,"Tillagningsinformation":[],"Sasongsindikator":null,"GTIN":null,"RegleratProduktnamn":null,"FarligtGodsForpackningsgrupp":null,"Klassificeringssystem":null,"Allergener":[],"Naringsinfo":[],"Tillganglighetstidpunkt":null,"Receptlinks":[],"Returemballage":false,"FarligtGodsSarbestammelser":null,"Produktbladslank":null,"Faroangivelser":[],"FarligtGodsKlass":null,"MSRKritierier":[],"Sasongskoder":[]}
2019-12-24 17:44:04,335 INFO com.nochoke.nochoke.apicaller.EAN_APICaller [http-nio-8080-exec-10] {"GTIN":null,"TillverkarensArtikelnummer":null,"Artikelbenamning":null,"RegleratProduktnamn":null,"Forvaringsinstruktion":null,"Variabelmattsindikator":false,"Bruttovikt":null,"Bredd":null,"Djup":null,"Hojd":null,"Returemballage":false,"FarligtGodsKod":null,"FarligtGodsKlass":null,"FarligtGodsForpackningsgrupp":null,"GPCKod":null,"GiltigFROM":null,"FakturerbarEnhet":false,"Slutdatum":null,"GiltighetsdatumPris":null,"Tillganglighetstidpunkt":null,"SistaTillganglighetstidpunkt":null,"SkapadDatum":null,"SenastAndradDatum":null,"Flampunkt":null,"KodBegransadMangd":null,"OfficiellTransportbenamning":null,"OspecificeradTransportbenamning":null,"TunnelrestriktionADR":null,"KlassificeringskodFarligtgods":null,"Transportkategori":null,"Konsumentartikel":false,"BestallningsbarForpackning":false,"Garantiloptid":0,"Lanseringstidpunkt":null,"Sasongsindikator":null,"AntalReturnerbaraEnheter":0,"Staplingsriktning":null,"MaxTransportTemperatur":0.0,"MinTransportTemperatur":0.0,"Anvandningsinstruktioner":null,"HallbarhetEfterOppning":0,"Klassificeringssystem":null,"FarligtGodsBegransadMangd":null,"FarligtGodsOvrigInfo":null,"FarligtGodsSarbestammelser":null,"T3495_Artikelavisering":null,"T4032_TypAvDatumPaForpackningen":null,"T3742_ForstaLeveransdatum":null,"Undervarumarke":null,"Niva":null,"Produktbladslank":null,"KompletterandeProduktklass":null,"T4200_AllmänPubliceringstidpunkt":null,"T3848_TypAvStaplingsbarhet":null,"Varningsetiketter":[],"Sasongskoder":[],"MaskinellMarkningar":[],"Bilder":[],"ReferenserTillAndraArtiklar":[],"MSRKritierier":[],"Kravspecifikationer":[],"Receptlinks":[],"Allergener":[],"Markningar":[],"Ingredienser":[],"Tillagningsinformation":[],"Tillverkningslander":[],"Naringsinfo":[],"Serveringsforslag":[],"Diettyper":[],"Tillagningsmetoder":[],"Farger":[],"VillkorForsaljning":[],"Varumarke":{"Varumarke":null,"AgareGLN":null,"AgareNamn":null,"Tillverkare":{"Namn":null,"EAN":null}},"Nettoinnehall":[],"Kontakter":[],"Faroangivelser":[],"Sakerhet":[],"Forpackningar":[],"Substanser":[],"Fangstzoner":[],"Marknadsbudskap":null,"KortMarknadsbudskap":null,"Komponenter":null}
2019-12-24 17:46:46,864 INFO com.nochoke.nochoke.apicaller.EAN_APICaller [http-nio-8080-exec-5] {"GTIN":null,"TillverkarensArtikelnummer":null,"Artikelbenamning":null,"RegleratProduktnamn":null,"Forvaringsinstruktion":null,"Variabelmattsindikator":false,"Bruttovikt":null,"Bredd":null,"Djup":null,"Hojd":null,"Returemballage":false,"FarligtGodsKod":null,"FarligtGodsKlass":null,"FarligtGodsForpackningsgrupp":null,"GPCKod":null,"GiltigFROM":null,"FakturerbarEnhet":false,"Slutdatum":null,"GiltighetsdatumPris":null,"Tillganglighetstidpunkt":null,"SistaTillganglighetstidpunkt":null,"SkapadDatum":null,"SenastAndradDatum":null,"Flampunkt":null,"KodBegransadMangd":null,"OfficiellTransportbenamning":null,"OspecificeradTransportbenamning":null,"TunnelrestriktionADR":null,"KlassificeringskodFarligtgods":null,"Transportkategori":null,"Konsumentartikel":false,"BestallningsbarForpackning":false,"Garantiloptid":0,"Lanseringstidpunkt":null,"Sasongsindikator":null,"AntalReturnerbaraEnheter":0,"Staplingsriktning":null,"MaxTransportTemperatur":0.0,"MinTransportTemperatur":0.0,"Anvandningsinstruktioner":null,"HallbarhetEfterOppning":0,"Klassificeringssystem":null,"FarligtGodsBegransadMangd":null,"FarligtGodsOvrigInfo":null,"FarligtGodsSarbestammelser":null,"T3495_Artikelavisering":null,"T4032_TypAvDatumPaForpackningen":null,"T3742_ForstaLeveransdatum":null,"Undervarumarke":null,"Niva":null,"Produktbladslank":null,"KompletterandeProduktklass":null,"T4200_AllmänPubliceringstidpunkt":null,"T3848_TypAvStaplingsbarhet":null,"Varningsetiketter":[],"Sasongskoder":[],"MaskinellMarkningar":[],"Bilder":[],"ReferenserTillAndraArtiklar":[],"MSRKritierier":[],"Kravspecifikationer":[],"Receptlinks":[],"Allergener":[],"Markningar":[],"Ingredienser":[],"Tillagningsinformation":[],"Tillverkningslander":[],"Naringsinfo":[],"Serveringsforslag":[],"Diettyper":[],"Tillagningsmetoder":[],"Farger":[],"VillkorForsaljning":[],"Varumarke":{"Varumarke":null,"AgareGLN":null,"AgareNamn":null,"Tillverkare":{"Namn":null,"EAN":null}},"Nettoinnehall":[],"Kontakter":[],"Faroangivelser":[],"Sakerhet":[],"Forpackningar":[],"Substanser":[],"Fangstzoner":[],"Marknadsbudskap":null,"KortMarknadsbudskap":null,"Komponenter":null}
